<?xml version="1.0" encoding="UTF-8"?>
<!-- Generated by org.testng.reporters.JUnitReportReporter -->
<testsuite ignored="0" hostname="DESKTOP-2K7DTOL" failures="0" tests="1" name="org.testing.testscripts.TC2_GetRequest" time="0.100" errors="0" timestamp="27 Aug 2023 11:21:55 GMT" skipped="0">
  <testcase classname="org.testing.testscripts.TC2_GetRequest" name="testcase2" time="0.100"/>
</testsuite> <!-- org.testing.testscripts.TC2_GetRequest -->
